[custom_lint] 2025-12-02T20:31:25.545970 lib/custom_lint_client.dart:16:59: Error: Undefined name 'createPlugin'.
[custom_lint] 2025-12-02T20:31:25.545970     {'runtime_common_codestyle': runtime_common_codestyle.createPlugin,
[custom_lint] 2025-12-02T20:31:25.545970                                                           ^^^^^^^^^^^^
[custom_lint] 2025-12-02T20:31:25.545970
[custom_lint] 2025-12-02T20:31:25.545970
Failed to start pluginsThe request analysis.setContextRoots failed with the following error:
RequestErrorCode.PLUGIN_ERROR
Bad state: Failed to start the plugins.
at:
#0      SocketCustomLintServerToClientChannel._checkInitializationFail.<anonymous closure> (package:custom_lint/src/v2/server_to_client_channel.dart:223)
<asynchronous suspension>
#1      Future.any.onValue (dart:async/future.dart:637)
<asynchronous suspension>

[custom_lint] 2025-12-02T20:32:24.677156 lib/custom_lint_client.dart:16:59: Error: Undefined name 'createPlugin'.
[custom_lint] 2025-12-02T20:32:24.677156     {'runtime_common_codestyle': runtime_common_codestyle.createPlugin,
[custom_lint] 2025-12-02T20:32:24.677156                                                           ^^^^^^^^^^^^
[custom_lint] 2025-12-02T20:32:24.677156
[custom_lint] 2025-12-02T20:32:24.677156
Failed to start pluginsThe request analysis.setContextRoots failed with the following error:
RequestErrorCode.PLUGIN_ERROR
Bad state: Failed to start the plugins.
at:
#0      SocketCustomLintServerToClientChannel._checkInitializationFail.<anonymous closure> (package:custom_lint/src/v2/server_to_client_channel.dart:223)
<asynchronous suspension>
#1      Future.any.onValue (dart:async/future.dart:637)
<asynchronous suspension>

[custom_lint] 2025-12-02T20:32:52.736185 lib/custom_lint_client.dart:16:59: Error: Undefined name 'createPlugin'.
[custom_lint] 2025-12-02T20:32:52.736185     {'runtime_common_codestyle': runtime_common_codestyle.createPlugin,
[custom_lint] 2025-12-02T20:32:52.736185                                                           ^^^^^^^^^^^^
[custom_lint] 2025-12-02T20:32:52.736185
[custom_lint] 2025-12-02T20:32:52.736185
Failed to start pluginsThe request analysis.setContextRoots failed with the following error:
RequestErrorCode.PLUGIN_ERROR
Bad state: Failed to start the plugins.
at:
#0      SocketCustomLintServerToClientChannel._checkInitializationFail.<anonymous closure> (package:custom_lint/src/v2/server_to_client_channel.dart:223)
<asynchronous suspension>
#1      Future.any.onValue (dart:async/future.dart:637)
<asynchronous suspension>

[custom_lint] 2025-12-02T20:33:13.786617 lib/custom_lint_client.dart:16:59: Error: Undefined name 'createPlugin'.
[custom_lint] 2025-12-02T20:33:13.786617     {'runtime_common_codestyle': runtime_common_codestyle.createPlugin,
[custom_lint] 2025-12-02T20:33:13.786617                                                           ^^^^^^^^^^^^
[custom_lint] 2025-12-02T20:33:13.786617
[custom_lint] 2025-12-02T20:33:13.786617
Failed to start pluginsThe request analysis.setContextRoots failed with the following error:
RequestErrorCode.PLUGIN_ERROR
Bad state: Failed to start the plugins.
at:
#0      SocketCustomLintServerToClientChannel._checkInitializationFail.<anonymous closure> (package:custom_lint/src/v2/server_to_client_channel.dart:223)
<asynchronous suspension>
#1      Future.any.onValue (dart:async/future.dart:637)
<asynchronous suspension>

[custom_lint] 2025-12-02T20:33:32.025604 lib/custom_lint_client.dart:16:59: Error: Undefined name 'createPlugin'.
[custom_lint] 2025-12-02T20:33:32.025604     {'runtime_common_codestyle': runtime_common_codestyle.createPlugin,
[custom_lint] 2025-12-02T20:33:32.025604                                                           ^^^^^^^^^^^^
[custom_lint] 2025-12-02T20:33:32.025604
[custom_lint] 2025-12-02T20:33:32.025604
Failed to start pluginsThe request analysis.setContextRoots failed with the following error:
RequestErrorCode.PLUGIN_ERROR
Bad state: Failed to start the plugins.
at:
#0      SocketCustomLintServerToClientChannel._checkInitializationFail.<anonymous closure> (package:custom_lint/src/v2/server_to_client_channel.dart:223)
<asynchronous suspension>
#1      Future.any.onValue (dart:async/future.dart:637)
<asynchronous suspension>

[custom_lint] 2025-12-02T20:34:10.169795 lib/custom_lint_client.dart:16:59: Error: Undefined name 'createPlugin'.
[custom_lint] 2025-12-02T20:34:10.169795     {'runtime_common_codestyle': runtime_common_codestyle.createPlugin,
[custom_lint] 2025-12-02T20:34:10.169795                                                           ^^^^^^^^^^^^
[custom_lint] 2025-12-02T20:34:10.169795
[custom_lint] 2025-12-02T20:34:10.169795
Failed to start pluginsThe request analysis.setContextRoots failed with the following error:
RequestErrorCode.PLUGIN_ERROR
Bad state: Failed to start the plugins.
at:
#0      SocketCustomLintServerToClientChannel._checkInitializationFail.<anonymous closure> (package:custom_lint/src/v2/server_to_client_channel.dart:223)
<asynchronous suspension>
#1      Future.any.onValue (dart:async/future.dart:637)
<asynchronous suspension>

[custom_lint] 2025-12-02T20:34:24.547498 lib/custom_lint_client.dart:16:59: Error: Undefined name 'createPlugin'.
[custom_lint] 2025-12-02T20:34:24.547498     {'runtime_common_codestyle': runtime_common_codestyle.createPlugin,
[custom_lint] 2025-12-02T20:34:24.547498                                                           ^^^^^^^^^^^^
[custom_lint] 2025-12-02T20:34:24.547498
[custom_lint] 2025-12-02T20:34:24.547498
Failed to start pluginsThe request analysis.setContextRoots failed with the following error:
RequestErrorCode.PLUGIN_ERROR
Bad state: Failed to start the plugins.
at:
#0      SocketCustomLintServerToClientChannel._checkInitializationFail.<anonymous closure> (package:custom_lint/src/v2/server_to_client_channel.dart:223)
<asynchronous suspension>
#1      Future.any.onValue (dart:async/future.dart:637)
<asynchronous suspension>

The request analysis.setContextRoots failed with the following error:
RequestErrorCode.PLUGIN_ERROR
Exception: Failed to run "pub get" in the client project:
Resolving dependencies...

Because custom_lint_builder >=0.8.1 depends on analyzer ^8.0.0 and custom_lint_builder >=0.8.0 <0.8.1 depends on analyzer ^7.5.0, custom_lint_builder >=0.8.0 requires analyzer ^7.5.0 or ^8.0.0.
And because every version of runtime_common_codestyle from path depends on analyzer ^9.0.0, custom_lint_builder >=0.8.0 is incompatible with runtime_common_codestyle from path.
So, because custom_lint_client depends on runtime_common_codestyle from path which depends on custom_lint_builder ^0.8.0, version solving failed.

at:
#0      CustomLintWorkspace.runPubGet (package:custom_lint/src/workspace.dart:774)
<asynchronous suspension>
#1      CustomLintWorkspace.resolvePluginHost (package:custom_lint/src/workspace.dart:757)
<asynchronous suspension>
#2      SocketCustomLintServerToClientChannel._startProcess (package:custom_lint/src/v2/server_to_client_channel.dart:151)
<asynchronous suspension>
#3      SocketCustomLintServerToClientChannel.init (package:custom_lint/src/v2/server_to_client_channel.dart:111)
<asynchronous suspension>
#4      CustomLintServer._maybeSpawnCustomLintPlugin (package:custom_lint/src/v2/custom_lint_analyzer_plugin.dart:396)
<asynchronous suspension>
#5      CustomLintServer._handleAnalysisSetContextRoots.<anonymous closure> (package:custom_lint/src/v2/custom_lint_analyzer_plugin.dart:343)
<asynchronous suspension>
#6      PendingOperation.run (package:custom_lint/src/async_operation.dart:22)
<asynchronous suspension>
#7      CustomLintServer._handleRequest (package:custom_lint/src/v2/custom_lint_analyzer_plugin.dart:175)
<asynchronous suspension>

The request analysis.setContextRoots failed with the following error:
RequestErrorCode.PLUGIN_ERROR
Exception: Failed to run "pub get" in the client project:
Resolving dependencies...

Because custom_lint_builder >=0.8.1 depends on analyzer ^8.0.0 and custom_lint_builder >=0.8.0 <0.8.1 depends on analyzer ^7.5.0, custom_lint_builder >=0.8.0 requires analyzer ^7.5.0 or ^8.0.0.
And because every version of runtime_common_codestyle from path depends on analyzer ^9.0.0, custom_lint_builder >=0.8.0 is incompatible with runtime_common_codestyle from path.
So, because custom_lint_client depends on runtime_common_codestyle from path which depends on custom_lint_builder ^0.8.0, version solving failed.

at:
#0      CustomLintWorkspace.runPubGet (package:custom_lint/src/workspace.dart:774)
<asynchronous suspension>
#1      CustomLintWorkspace.resolvePluginHost (package:custom_lint/src/workspace.dart:757)
<asynchronous suspension>
#2      SocketCustomLintServerToClientChannel._startProcess (package:custom_lint/src/v2/server_to_client_channel.dart:151)
<asynchronous suspension>
#3      SocketCustomLintServerToClientChannel.init (package:custom_lint/src/v2/server_to_client_channel.dart:111)
<asynchronous suspension>
#4      CustomLintServer._maybeSpawnCustomLintPlugin (package:custom_lint/src/v2/custom_lint_analyzer_plugin.dart:396)
<asynchronous suspension>
#5      CustomLintServer._handleAnalysisSetContextRoots.<anonymous closure> (package:custom_lint/src/v2/custom_lint_analyzer_plugin.dart:343)
<asynchronous suspension>
#6      PendingOperation.run (package:custom_lint/src/async_operation.dart:22)
<asynchronous suspension>
#7      CustomLintServer._handleRequest (package:custom_lint/src/v2/custom_lint_analyzer_plugin.dart:175)
<asynchronous suspension>

The request analysis.setContextRoots failed with the following error:
RequestErrorCode.PLUGIN_ERROR
Exception: Failed to run "pub get" in the client project:
Resolving dependencies...

Because custom_lint_builder >=0.8.1 depends on analyzer ^8.0.0 and custom_lint_builder >=0.8.0 <0.8.1 depends on analyzer ^7.5.0, custom_lint_builder >=0.8.0 requires analyzer ^7.5.0 or ^8.0.0.
And because every version of runtime_common_codestyle from path depends on analyzer ^9.0.0, custom_lint_builder >=0.8.0 is incompatible with runtime_common_codestyle from path.
So, because custom_lint_client depends on runtime_common_codestyle from path which depends on custom_lint_builder ^0.8.0, version solving failed.

at:
#0      CustomLintWorkspace.runPubGet (package:custom_lint/src/workspace.dart:774)
<asynchronous suspension>
#1      CustomLintWorkspace.resolvePluginHost (package:custom_lint/src/workspace.dart:757)
<asynchronous suspension>
#2      SocketCustomLintServerToClientChannel._startProcess (package:custom_lint/src/v2/server_to_client_channel.dart:151)
<asynchronous suspension>
#3      SocketCustomLintServerToClientChannel.init (package:custom_lint/src/v2/server_to_client_channel.dart:111)
<asynchronous suspension>
#4      CustomLintServer._maybeSpawnCustomLintPlugin (package:custom_lint/src/v2/custom_lint_analyzer_plugin.dart:396)
<asynchronous suspension>
#5      CustomLintServer._handleAnalysisSetContextRoots.<anonymous closure> (package:custom_lint/src/v2/custom_lint_analyzer_plugin.dart:343)
<asynchronous suspension>
#6      PendingOperation.run (package:custom_lint/src/async_operation.dart:22)
<asynchronous suspension>
#7      CustomLintServer._handleRequest (package:custom_lint/src/v2/custom_lint_analyzer_plugin.dart:175)
<asynchronous suspension>

The request analysis.setContextRoots failed with the following error:
RequestErrorCode.PLUGIN_ERROR
Exception: Failed to run "pub get" in the client project:
Resolving dependencies...

Because custom_lint_builder >=0.8.1 depends on analyzer ^8.0.0 and custom_lint_builder >=0.8.0 <0.8.1 depends on analyzer ^7.5.0, custom_lint_builder >=0.8.0 requires analyzer ^7.5.0 or ^8.0.0.
And because every version of runtime_common_codestyle from path depends on analyzer ^9.0.0, custom_lint_builder >=0.8.0 is incompatible with runtime_common_codestyle from path.
So, because custom_lint_client depends on runtime_common_codestyle from path which depends on custom_lint_builder ^0.8.0, version solving failed.

at:
#0      CustomLintWorkspace.runPubGet (package:custom_lint/src/workspace.dart:774)
<asynchronous suspension>
#1      CustomLintWorkspace.resolvePluginHost (package:custom_lint/src/workspace.dart:757)
<asynchronous suspension>
#2      SocketCustomLintServerToClientChannel._startProcess (package:custom_lint/src/v2/server_to_client_channel.dart:151)
<asynchronous suspension>
#3      SocketCustomLintServerToClientChannel.init (package:custom_lint/src/v2/server_to_client_channel.dart:111)
<asynchronous suspension>
#4      CustomLintServer._maybeSpawnCustomLintPlugin (package:custom_lint/src/v2/custom_lint_analyzer_plugin.dart:396)
<asynchronous suspension>
#5      CustomLintServer._handleAnalysisSetContextRoots.<anonymous closure> (package:custom_lint/src/v2/custom_lint_analyzer_plugin.dart:343)
<asynchronous suspension>
#6      PendingOperation.run (package:custom_lint/src/async_operation.dart:22)
<asynchronous suspension>
#7      CustomLintServer._handleRequest (package:custom_lint/src/v2/custom_lint_analyzer_plugin.dart:175)
<asynchronous suspension>

The request analysis.setContextRoots failed with the following error:
RequestErrorCode.PLUGIN_ERROR
Exception: Failed to run "pub get" in the client project:
Resolving dependencies...

Because every version of runtime_tesseract_inference from path depends on json_serializable ^6.11.3 which depends on analyzer ^9.0.0, every version of runtime_tesseract_inference from path requires analyzer ^9.0.0.
And because every version of runtime_common_codestyle from git depends on analyzer ^8.0.0, runtime_tesseract_inference from path is incompatible with runtime_common_codestyle from git.
So, because custom_lint_client depends on both runtime_common_codestyle from git and runtime_tesseract_inference from path, version solving failed.

at:
#0      CustomLintWorkspace.runPubGet (package:custom_lint/src/workspace.dart:774)
<asynchronous suspension>
#1      CustomLintWorkspace.resolvePluginHost (package:custom_lint/src/workspace.dart:757)
<asynchronous suspension>
#2      SocketCustomLintServerToClientChannel._startProcess (package:custom_lint/src/v2/server_to_client_channel.dart:151)
<asynchronous suspension>
#3      SocketCustomLintServerToClientChannel.init (package:custom_lint/src/v2/server_to_client_channel.dart:111)
<asynchronous suspension>
#4      CustomLintServer._maybeSpawnCustomLintPlugin (package:custom_lint/src/v2/custom_lint_analyzer_plugin.dart:396)
<asynchronous suspension>
#5      CustomLintServer._handleAnalysisSetContextRoots.<anonymous closure> (package:custom_lint/src/v2/custom_lint_analyzer_plugin.dart:343)
<asynchronous suspension>
#6      PendingOperation.run (package:custom_lint/src/async_operation.dart:22)
<asynchronous suspension>
#7      CustomLintServer._handleRequest (package:custom_lint/src/v2/custom_lint_analyzer_plugin.dart:175)
<asynchronous suspension>

The request analysis.setContextRoots failed with the following error:
RequestErrorCode.PLUGIN_ERROR
Exception: Failed to run "pub get" in the client project:
Resolving dependencies...

Because every version of runtime_tesseract_inference from path depends on json_serializable ^6.11.3 which depends on analyzer ^9.0.0, every version of runtime_tesseract_inference from path requires analyzer ^9.0.0.
And because every version of runtime_common_codestyle from git depends on analyzer ^8.0.0, runtime_tesseract_inference from path is incompatible with runtime_common_codestyle from git.
So, because custom_lint_client depends on both runtime_common_codestyle from git and runtime_tesseract_inference from path, version solving failed.

at:
#0      CustomLintWorkspace.runPubGet (package:custom_lint/src/workspace.dart:774)
<asynchronous suspension>
#1      CustomLintWorkspace.resolvePluginHost (package:custom_lint/src/workspace.dart:757)
<asynchronous suspension>
#2      SocketCustomLintServerToClientChannel._startProcess (package:custom_lint/src/v2/server_to_client_channel.dart:151)
<asynchronous suspension>
#3      SocketCustomLintServerToClientChannel.init (package:custom_lint/src/v2/server_to_client_channel.dart:111)
<asynchronous suspension>
#4      CustomLintServer._maybeSpawnCustomLintPlugin (package:custom_lint/src/v2/custom_lint_analyzer_plugin.dart:396)
<asynchronous suspension>
#5      CustomLintServer._handleAnalysisSetContextRoots.<anonymous closure> (package:custom_lint/src/v2/custom_lint_analyzer_plugin.dart:343)
<asynchronous suspension>
#6      PendingOperation.run (package:custom_lint/src/async_operation.dart:22)
<asynchronous suspension>
#7      CustomLintServer._handleRequest (package:custom_lint/src/v2/custom_lint_analyzer_plugin.dart:175)
<asynchronous suspension>

The request analysis.setContextRoots failed with the following error:
RequestErrorCode.PLUGIN_ERROR
Exception: Failed to run "pub get" in the client project:
Resolving dependencies...

Because every version of runtime_tesseract_inference from path depends on json_serializable ^6.11.3 which depends on analyzer ^9.0.0, every version of runtime_tesseract_inference from path requires analyzer ^9.0.0.
And because every version of runtime_common_codestyle from git depends on analyzer ^8.0.0, runtime_tesseract_inference from path is incompatible with runtime_common_codestyle from git.
So, because custom_lint_client depends on both runtime_common_codestyle from git and runtime_tesseract_inference from path, version solving failed.

at:
#0      CustomLintWorkspace.runPubGet (package:custom_lint/src/workspace.dart:774)
<asynchronous suspension>
#1      CustomLintWorkspace.resolvePluginHost (package:custom_lint/src/workspace.dart:757)
<asynchronous suspension>
#2      SocketCustomLintServerToClientChannel._startProcess (package:custom_lint/src/v2/server_to_client_channel.dart:151)
<asynchronous suspension>
#3      SocketCustomLintServerToClientChannel.init (package:custom_lint/src/v2/server_to_client_channel.dart:111)
<asynchronous suspension>
#4      CustomLintServer._maybeSpawnCustomLintPlugin (package:custom_lint/src/v2/custom_lint_analyzer_plugin.dart:396)
<asynchronous suspension>
#5      CustomLintServer._handleAnalysisSetContextRoots.<anonymous closure> (package:custom_lint/src/v2/custom_lint_analyzer_plugin.dart:343)
<asynchronous suspension>
#6      PendingOperation.run (package:custom_lint/src/async_operation.dart:22)
<asynchronous suspension>
#7      CustomLintServer._handleRequest (package:custom_lint/src/v2/custom_lint_analyzer_plugin.dart:175)
<asynchronous suspension>

The request analysis.setContextRoots failed with the following error:
RequestErrorCode.PLUGIN_ERROR
Exception: Failed to run "pub get" in the client project:
Resolving dependencies...

Because every version of runtime_tesseract_inference from path depends on json_serializable ^6.11.3 which depends on analyzer ^9.0.0, every version of runtime_tesseract_inference from path requires analyzer ^9.0.0.
And because every version of runtime_common_codestyle from git depends on analyzer ^8.0.0, runtime_tesseract_inference from path is incompatible with runtime_common_codestyle from git.
So, because custom_lint_client depends on both runtime_common_codestyle from git and runtime_tesseract_inference from path, version solving failed.

at:
#0      CustomLintWorkspace.runPubGet (package:custom_lint/src/workspace.dart:774)
<asynchronous suspension>
#1      CustomLintWorkspace.resolvePluginHost (package:custom_lint/src/workspace.dart:757)
<asynchronous suspension>
#2      SocketCustomLintServerToClientChannel._startProcess (package:custom_lint/src/v2/server_to_client_channel.dart:151)
<asynchronous suspension>
#3      SocketCustomLintServerToClientChannel.init (package:custom_lint/src/v2/server_to_client_channel.dart:111)
<asynchronous suspension>
#4      CustomLintServer._maybeSpawnCustomLintPlugin (package:custom_lint/src/v2/custom_lint_analyzer_plugin.dart:396)
<asynchronous suspension>
#5      CustomLintServer._handleAnalysisSetContextRoots.<anonymous closure> (package:custom_lint/src/v2/custom_lint_analyzer_plugin.dart:343)
<asynchronous suspension>
#6      PendingOperation.run (package:custom_lint/src/async_operation.dart:22)
<asynchronous suspension>
#7      CustomLintServer._handleRequest (package:custom_lint/src/v2/custom_lint_analyzer_plugin.dart:175)
<asynchronous suspension>

